<?xml version="1.0" encoding="UTF-8"?>
<testng-results skipped="0" failed="0" ignored="0" total="2" passed="2">
  <reporter-output>
  </reporter-output>
  <suite name="Suite" duration-ms="36209" started-at="2020-05-02T13:23:54 IST" finished-at="2020-05-02T13:24:30 IST">
    <groups>
    </groups>
    <test name="Test" duration-ms="36209" started-at="2020-05-02T13:23:54 IST" finished-at="2020-05-02T13:24:30 IST">
      <class name="coronaCases.MH">
        <test-method status="PASS" signature="positiveCases()[pri:0, instance:coronaCases.MH@57536d79]" name="positiveCases" duration-ms="19796" started-at="2020-05-02T13:23:54 IST" finished-at="2020-05-02T13:24:14 IST">
          <reporter-output>
          </reporter-output>
        </test-method> <!-- positiveCases -->
      </class> <!-- coronaCases.MH -->
      <class name="coronaCases.MP">
        <test-method status="PASS" signature="positiveCases()[pri:0, instance:coronaCases.MP@3b0143d3]" name="positiveCases" duration-ms="16010" started-at="2020-05-02T13:24:14 IST" finished-at="2020-05-02T13:24:30 IST">
          <reporter-output>
          </reporter-output>
        </test-method> <!-- positiveCases -->
      </class> <!-- coronaCases.MP -->
    </test> <!-- Test -->
  </suite> <!-- Suite -->
</testng-results>
